[debug] > Exec(early(addDefaultCommands), None, None)
[debug] > Exec(addDefaultCommands, None, None)
[debug] > Exec(early(initialize), None, None)
[debug] > Exec(initialize, None, None)
[debug] > Exec(boot, None, None)
[debug] > Exec(writeSbtVersion, None, None)
[debug] > Exec(reload, None, None)
[debug] > Exec(sbtStashOnFailure, None, None)
[debug] > Exec(onFailure loadFailed, None, None)
[debug] > Exec(loadp, None, None)
[info] welcome to sbt 1.4.7 (Oracle Corporation Java 13)
[debug] Load.defaultLoad until apply took 374.454ms
[debug]           Load.loadUnit: plugins took 91.7429ms
[debug]           Load.loadUnit: defsScala took 0.4993ms
[debug] [Loading] Scanning directory C:\Users\Srivastchavan\Desktop\CS6350Asg2\project
[debug] [Loading] Found non-root projects 
[debug] [Loading] Done in C:\Users\Srivastchavan\Desktop\CS6350Asg2\project, returning: ()
[debug] deducing auto plugins based on known facts Set(Atom(sbt.plugins.CorePlugin)) and clauses Clauses(List(Clause(Atom(sbt.plugins.JvmPlugin),Set(Atom(sbt.plugins.IvyPlugin))), Clause(Atom(sbt.ScriptedPlugin),Set(Atom(sbt.plugins.JvmPlugin))), Clause(Atom(sbt.plugins.SbtPlugin),Set(Atom(sbt.ScriptedPlugin))), Clause(Atom(sbt.plugins.SemanticdbPlugin),Set(Atom(sbt.plugins.JvmPlugin))), Clause(Atom(sbt.plugins.JUnitXmlReportPlugin),Set(Atom(sbt.plugins.JvmPlugin))), Clause(Atom(sbt.plugins.MiniDependencyTreePlugin),Set(Atom(sbt.plugins.JvmPlugin))), Clause(Atom(sbt.plugins.CorePlugin),Set(Atom(sbt.plugins.IvyPlugin))), Clause(Atom(sbt.plugins.IvyPlugin),Set(Atom(sbt.plugins.JvmPlugin))), Clause(Atom(sbt.plugins.JvmPlugin),Set(Atom(sbt.plugins.SemanticdbPlugin))), Clause(Atom(sbt.plugins.JvmPlugin),Set(Atom(sbt.plugins.JUnitXmlReportPlugin))), Clause(Atom(sbt.plugins.CorePlugin),Set(Atom(sbt.plugins.Giter8TemplatePlugin))), Clause(Atom(sbt.plugins.JvmPlugin),Set(Atom(sbt.plugins.MiniDependencyTreePlugin)))))
[debug]   :: deduced result: Matched(sbt.plugins.CorePlugin,sbt.plugins.Giter8TemplatePlugin,sbt.plugins.IvyPlugin,sbt.plugins.JvmPlugin,sbt.plugins.MiniDependencyTreePlugin,sbt.plugins.JUnitXmlReportPlugin,sbt.plugins.SemanticdbPlugin)
[debug] Plugins.deducer#function took 20.7893 ms
[debug]               Load.resolveProject(cs6350asg2-build) took 55.4778ms
[debug]             Load.loadTransitive: finalizeProject(Project(id cs6350asg2-build, base: C:\Users\Srivastchavan\Desktop\CS6350Asg2\project, plugins: List(<none>))) took 105.1028ms
[debug] [Loading] Done in C:\Users\Srivastchavan\Desktop\CS6350Asg2\project, returning: (cs6350asg2-build)
[debug]           Load.loadUnit: loadedProjectsRaw took 133.2628ms
[debug]           Load.loadUnit: cleanEvalClasses took 0.327ms
[debug]         Load.loadUnit(file:/C:/Users/Srivastchavan/Desktop/CS6350Asg2/project/, ...) took 235.021ms
[debug]       Load.apply: load took 452.07ms
[debug]       Load.apply: resolveProjects took 11.0226ms
[debug]       Load.apply: finalTransforms took 81.0045ms
[debug]       Load.apply: config.delegates took 7.9008ms
[debug]       Load.apply: Def.make(settings)... took 1567.1123ms
[debug]       Load.apply: structureIndex took 103.9345ms
[debug]       Load.apply: mkStreams took 2.3089ms
[info] loading project definition from C:\Users\Srivastchavan\Desktop\CS6350Asg2\project
[debug] Running task... Cancel: Signal, check cycles: false, forcegc: true
[debug]     Load.loadUnit: plugins took 3192.1688ms
[debug]     Load.loadUnit: defsScala took 0.0053ms
[debug] [Loading] Scanning directory C:\Users\Srivastchavan\Desktop\CS6350Asg2
[debug]       Load.loadUnit: mkEval took 8.7821ms
[debug] [Loading] Found non-root projects 
[debug] [Loading] Done in C:\Users\Srivastchavan\Desktop\CS6350Asg2, returning: ()
[debug] deducing auto plugins based on known facts Set(Atom(sbt.plugins.CorePlugin)) and clauses Clauses(List(Clause(Atom(sbt.plugins.JvmPlugin),Set(Atom(sbt.plugins.IvyPlugin))), Clause(Atom(sbt.ScriptedPlugin),Set(Atom(sbt.plugins.JvmPlugin))), Clause(Atom(sbt.plugins.SbtPlugin),Set(Atom(sbt.ScriptedPlugin))), Clause(Atom(sbt.plugins.SemanticdbPlugin),Set(Atom(sbt.plugins.JvmPlugin))), Clause(Atom(sbt.plugins.JUnitXmlReportPlugin),Set(Atom(sbt.plugins.JvmPlugin))), Clause(Atom(sbt.plugins.MiniDependencyTreePlugin),Set(Atom(sbt.plugins.JvmPlugin))), Clause(Atom(sbt.plugins.CorePlugin),Set(Atom(sbt.plugins.IvyPlugin))), Clause(Atom(sbt.plugins.IvyPlugin),Set(Atom(sbt.plugins.JvmPlugin))), Clause(Atom(sbt.plugins.JvmPlugin),Set(Atom(sbt.plugins.SemanticdbPlugin))), Clause(Atom(sbt.plugins.JvmPlugin),Set(Atom(sbt.plugins.JUnitXmlReportPlugin))), Clause(Atom(sbt.plugins.CorePlugin),Set(Atom(sbt.plugins.Giter8TemplatePlugin))), Clause(Atom(sbt.plugins.JvmPlugin),Set(Atom(sbt.plugins.MiniDependencyTreePlugin)))))
[debug]   :: deduced result: Matched(sbt.plugins.CorePlugin,sbt.plugins.Giter8TemplatePlugin,sbt.plugins.IvyPlugin,sbt.plugins.JvmPlugin,sbt.plugins.MiniDependencyTreePlugin,sbt.plugins.JUnitXmlReportPlugin,sbt.plugins.SemanticdbPlugin)
[debug] Plugins.deducer#function took 1.6632 ms
[info] loading settings for project cs6350asg2 from build.sbt ...
[debug]         Load.resolveProject(cs6350asg2) took 3.341ms
[debug]       Load.loadTransitive: finalizeProject(Project(id cs6350asg2, base: C:\Users\Srivastchavan\Desktop\CS6350Asg2, plugins: List(<none>))) took 5.7224ms
[debug] [Loading] Done in C:\Users\Srivastchavan\Desktop\CS6350Asg2, returning: (cs6350asg2)
[debug]     Load.loadUnit: loadedProjectsRaw took 3654.6137ms
[debug]     Load.loadUnit: cleanEvalClasses took 36.9802ms
[debug]   Load.loadUnit(file:/C:/Users/Srivastchavan/Desktop/CS6350Asg2/, ...) took 6886.0283ms
[debug] Load.apply: load took 6908.2489ms
[debug] Load.apply: resolveProjects took 0.1141ms
[debug] Load.apply: finalTransforms took 15.047ms
[debug] Load.apply: config.delegates took 0.6977ms
[debug] Load.apply: Def.make(settings)... took 139.723ms
[debug] Load.apply: structureIndex took 34.3005ms
[debug] Load.apply: mkStreams took 0.003ms
[info] set current project to CS6350Asg2 (in build file:/C:/Users/Srivastchavan/Desktop/CS6350Asg2/)
[debug] > Exec(sbtPopOnFailure, None, None)
[debug] > Exec(resumeFromFailure, None, None)
[debug] > Exec(notifyUsersAboutShell, None, None)
[debug] > Exec(iflast shell, None, None)
[debug] > Exec(shell, None, None)
[info] sbt server started at local:sbt-server-1e272f84ae5e761850ac
[info] started sbt server
