[debug] > Exec(early(addDefaultCommands), None, None)
[debug] > Exec(addDefaultCommands, None, None)
[debug] > Exec(early(initialize), None, None)
[debug] > Exec(initialize, None, None)
[debug] > Exec(early(addPluginSbtFile="""C:\Users\Srivastchavan\AppData\Local\Temp\idea11.sbt"""), None, None)
[debug] > Exec(addPluginSbtFile="""C:\Users\Srivastchavan\AppData\Local\Temp\idea11.sbt""", None, None)
[debug] > Exec(boot, None, None)
[debug] > Exec(writeSbtVersion, None, None)
[debug] > Exec(reload, None, None)
[debug] > Exec(sbtStashOnFailure, None, None)
[debug] > Exec(onFailure loadFailed, None, None)
[debug] > Exec(loadp, None, None)
[info] welcome to sbt 1.4.7 (Oracle Corporation Java 13)
[debug]       Load.loadUnit: plugins took 101.6346ms
[debug]       Load.loadUnit: defsScala took 0.4074ms
[debug] [Loading] Scanning directory C:\Users\Srivastchavan\.sbt\1.0\plugins
[debug] [Loading] Found non-root projects 
[debug] [Loading] Done in C:\Users\Srivastchavan\.sbt\1.0\plugins, returning: ()
[debug] deducing auto plugins based on known facts Set(Atom(sbt.plugins.CorePlugin)) and clauses Clauses(List(Clause(Atom(sbt.plugins.JvmPlugin),Set(Atom(sbt.plugins.IvyPlugin))), Clause(Atom(sbt.ScriptedPlugin),Set(Atom(sbt.plugins.JvmPlugin))), Clause(Atom(sbt.plugins.SbtPlugin),Set(Atom(sbt.ScriptedPlugin))), Clause(Atom(sbt.plugins.SemanticdbPlugin),Set(Atom(sbt.plugins.JvmPlugin))), Clause(Atom(sbt.plugins.JUnitXmlReportPlugin),Set(Atom(sbt.plugins.JvmPlugin))), Clause(Atom(sbt.plugins.MiniDependencyTreePlugin),Set(Atom(sbt.plugins.JvmPlugin))), Clause(Atom(sbt.plugins.CorePlugin),Set(Atom(sbt.plugins.IvyPlugin))), Clause(Atom(sbt.plugins.IvyPlugin),Set(Atom(sbt.plugins.JvmPlugin))), Clause(Atom(sbt.plugins.JvmPlugin),Set(Atom(sbt.plugins.SemanticdbPlugin))), Clause(Atom(sbt.plugins.JvmPlugin),Set(Atom(sbt.plugins.JUnitXmlReportPlugin))), Clause(Atom(sbt.plugins.CorePlugin),Set(Atom(sbt.plugins.Giter8TemplatePlugin))), Clause(Atom(sbt.plugins.JvmPlugin),Set(Atom(sbt.plugins.MiniDependencyTreePlugin)))))
[debug]   :: deduced result: Matched(sbt.plugins.CorePlugin,sbt.plugins.Giter8TemplatePlugin,sbt.plugins.IvyPlugin,sbt.plugins.JvmPlugin,sbt.plugins.MiniDependencyTreePlugin,sbt.plugins.JUnitXmlReportPlugin,sbt.plugins.SemanticdbPlugin)
[debug] Plugins.deducer#function took 19.9637 ms
[debug]           Load.resolveProject(global-plugins) took 41.1645ms
[debug]         Load.loadTransitive: finalizeProject(Project(id global-plugins, base: C:\Users\Srivastchavan\.sbt\1.0\plugins, plugins: List(<none>))) took 84.1511ms
[debug] [Loading] Done in C:\Users\Srivastchavan\.sbt\1.0\plugins, returning: (global-plugins)
[debug]       Load.loadUnit: loadedProjectsRaw took 105.3873ms
[debug]       Load.loadUnit: cleanEvalClasses took 0.2258ms
[debug]     Load.loadUnit(file:/C:/Users/Srivastchavan/.sbt/1.0/plugins/, ...) took 216.8309ms
[debug]   Load.apply: load took 405.7552ms
[debug]   Load.apply: resolveProjects took 8.2499ms
[debug]   Load.apply: finalTransforms took 69.1876ms
[debug]   Load.apply: config.delegates took 9.8721ms
[debug]   Load.apply: Def.make(settings)... took 1485.3259ms
[debug]   Load.apply: structureIndex took 118.3742ms
[debug]   Load.apply: mkStreams took 1.8955ms
[info] loading global plugins from C:\Users\Srivastchavan\.sbt\1.0\plugins
[debug] Running task... Cancel: Signal, check cycles: false, forcegc: true
[debug] Load.defaultLoad until apply took 3690.9928ms
[debug]           Load.loadUnit: plugins took 54.0645ms
[debug]           Load.loadUnit: defsScala took 0.0035ms
[debug] [Loading] Scanning directory C:\Users\Srivastchavan\Desktop\CS6350Asg2\project
[debug]             Load.loadUnit: mkEval took 6.2609ms
[debug] [Loading] Found non-root projects 
[debug] [Loading] Done in C:\Users\Srivastchavan\Desktop\CS6350Asg2\project, returning: ()
[debug] deducing auto plugins based on known facts Set(Atom(sbt.plugins.CorePlugin)) and clauses Clauses(List(Clause(Atom(sbt.plugins.JvmPlugin),Set(Atom(sbt.plugins.IvyPlugin))), Clause(Atom(sbt.ScriptedPlugin),Set(Atom(sbt.plugins.JvmPlugin))), Clause(Atom(sbt.plugins.SbtPlugin),Set(Atom(sbt.ScriptedPlugin))), Clause(Atom(sbt.plugins.SemanticdbPlugin),Set(Atom(sbt.plugins.JvmPlugin))), Clause(Atom(sbt.plugins.JUnitXmlReportPlugin),Set(Atom(sbt.plugins.JvmPlugin))), Clause(Atom(sbt.plugins.MiniDependencyTreePlugin),Set(Atom(sbt.plugins.JvmPlugin))), Clause(Atom(sbt.plugins.CorePlugin),Set(Atom(sbt.plugins.IvyPlugin))), Clause(Atom(sbt.plugins.IvyPlugin),Set(Atom(sbt.plugins.JvmPlugin))), Clause(Atom(sbt.plugins.JvmPlugin),Set(Atom(sbt.plugins.SemanticdbPlugin))), Clause(Atom(sbt.plugins.JvmPlugin),Set(Atom(sbt.plugins.JUnitXmlReportPlugin))), Clause(Atom(sbt.plugins.CorePlugin),Set(Atom(sbt.plugins.Giter8TemplatePlugin))), Clause(Atom(sbt.plugins.JvmPlugin),Set(Atom(sbt.plugins.MiniDependencyTreePlugin)))))
[debug]   :: deduced result: Matched(sbt.plugins.CorePlugin,sbt.plugins.Giter8TemplatePlugin,sbt.plugins.IvyPlugin,sbt.plugins.JvmPlugin,sbt.plugins.MiniDependencyTreePlugin,sbt.plugins.JUnitXmlReportPlugin,sbt.plugins.SemanticdbPlugin)
[debug] Plugins.deducer#function took 2.1008 ms
[info] loading settings for project cs6350asg2-build from idea11.sbt ...
[debug]               Load.resolveProject(cs6350asg2-build) took 3.2902ms
[debug]             Load.loadTransitive: finalizeProject(Project(id cs6350asg2-build, base: C:\Users\Srivastchavan\Desktop\CS6350Asg2\project, plugins: List(<none>))) took 5.9385ms
[debug] [Loading] Done in C:\Users\Srivastchavan\Desktop\CS6350Asg2\project, returning: (cs6350asg2-build)
[debug]           Load.loadUnit: loadedProjectsRaw took 133.5726ms
[debug]           Load.loadUnit: cleanEvalClasses took 8.234ms
[debug]         Load.loadUnit(file:/C:/Users/Srivastchavan/Desktop/CS6350Asg2/project/, ...) took 197.1982ms
[debug]       Load.apply: load took 199.5257ms
[debug]       Load.apply: resolveProjects took 0.0955ms
[debug]       Load.apply: finalTransforms took 12.3785ms
[debug]       Load.apply: config.delegates took 0.5618ms
[debug]       Load.apply: Def.make(settings)... took 96.8997ms
[debug]       Load.apply: structureIndex took 28.8477ms
[debug]       Load.apply: mkStreams took 0.0032ms
[info] loading project definition from C:\Users\Srivastchavan\Desktop\CS6350Asg2\project
[debug] Running task... Cancel: Signal, check cycles: false, forcegc: true
[debug]     Load.loadUnit: plugins took 639.5252ms
[debug]     Load.loadUnit: defsScala took 0.0035ms
[debug] [Loading] Scanning directory C:\Users\Srivastchavan\Desktop\CS6350Asg2
[debug]       Load.loadUnit: mkEval took 0.2895ms
[debug] [Loading] Found non-root projects 
[debug] [Loading] Done in C:\Users\Srivastchavan\Desktop\CS6350Asg2, returning: ()
[debug] deducing auto plugins based on known facts Set(Atom(sbt.plugins.CorePlugin)) and clauses Clauses(List(Clause(Atom(sbt.plugins.JvmPlugin),Set(Atom(sbt.plugins.IvyPlugin))), Clause(Atom(sbt.ScriptedPlugin),Set(Atom(sbt.plugins.JvmPlugin))), Clause(Atom(sbt.plugins.SbtPlugin),Set(Atom(sbt.ScriptedPlugin))), Clause(Atom(sbt.plugins.SemanticdbPlugin),Set(Atom(sbt.plugins.JvmPlugin))), Clause(Atom(sbt.plugins.JUnitXmlReportPlugin),Set(Atom(sbt.plugins.JvmPlugin))), Clause(Atom(sbt.plugins.MiniDependencyTreePlugin),Set(Atom(sbt.plugins.JvmPlugin))), Clause(Atom(org.jetbrains.sbt.StructurePlugin),Set(Atom(sbt.plugins.JvmPlugin))), Clause(Atom(org.jetbrains.sbt.IdeaShellPlugin),Set(Atom(sbt.plugins.JvmPlugin))), Clause(Atom(org.jetbrains.sbt.indices.SbtIntellijIndicesPlugin),Set(Atom(sbt.plugins.JvmPlugin))), Clause(Atom(sbt.plugins.CorePlugin),Set(Atom(sbt.plugins.IvyPlugin))), Clause(Atom(sbt.plugins.IvyPlugin),Set(Atom(sbt.plugins.JvmPlugin))), Clause(Atom(sbt.plugins.JvmPlugin),Set(Atom(sbt.plugins.SemanticdbPlugin))), Clause(Atom(sbt.plugins.JvmPlugin),Set(Atom(sbt.plugins.JUnitXmlReportPlugin))), Clause(Atom(sbt.plugins.CorePlugin),Set(Atom(sbt.plugins.Giter8TemplatePlugin))), Clause(Atom(sbt.plugins.JvmPlugin),Set(Atom(sbt.plugins.MiniDependencyTreePlugin))), Clause(Atom(sbt.plugins.JvmPlugin),Set(Atom(org.jetbrains.sbt.StructurePlugin))), Clause(Atom(sbt.plugins.JvmPlugin),Set(Atom(org.jetbrains.sbt.IdeaShellPlugin))), Clause(And(Set(Atom(sbt.plugins.CorePlugin), Atom(sbt.plugins.JvmPlugin))),Set(Atom(org.jetbrains.sbt.indices.SbtIntellijIndicesPlugin)))))
[debug]   :: deduced result: Matched(sbt.plugins.CorePlugin,sbt.plugins.Giter8TemplatePlugin,sbt.plugins.IvyPlugin,sbt.plugins.JvmPlugin,sbt.plugins.SemanticdbPlugin,org.jetbrains.sbt.indices.SbtIntellijIndicesPlugin,sbt.plugins.JUnitXmlReportPlugin,org.jetbrains.sbt.IdeaShellPlugin,org.jetbrains.sbt.StructurePlugin,sbt.plugins.MiniDependencyTreePlugin)
[debug] Plugins.deducer#function took 3.0682 ms
[info] loading settings for project cs6350asg2 from build.sbt ...
[debug]         Load.resolveProject(cs6350asg2) took 32.4059ms
[debug]       Load.loadTransitive: finalizeProject(Project(id cs6350asg2, base: C:\Users\Srivastchavan\Desktop\CS6350Asg2, plugins: List(<none>))) took 37.117ms
[debug] [Loading] Done in C:\Users\Srivastchavan\Desktop\CS6350Asg2, returning: (cs6350asg2)
[debug]     Load.loadUnit: loadedProjectsRaw took 2236.6004ms
[debug]     Load.loadUnit: cleanEvalClasses took 33.0616ms
[debug]   Load.loadUnit(file:/C:/Users/Srivastchavan/Desktop/CS6350Asg2/, ...) took 2910.621ms
[debug] Load.apply: load took 2913.5436ms
[debug] Load.apply: resolveProjects took 0.167ms
[debug] Load.apply: finalTransforms took 35.4818ms
[debug] Load.apply: config.delegates took 0.4592ms
[debug] Load.apply: Def.make(settings)... took 94.6615ms
[debug] Load.apply: structureIndex took 31.192ms
[debug] Load.apply: mkStreams took 0.0032ms
[info] set current project to CS6350Asg2 (in build file:/C:/Users/Srivastchavan/Desktop/CS6350Asg2/)
[debug] > Exec(sbtPopOnFailure, None, None)
[debug] > Exec(resumeFromFailure, None, None)
[debug] > Exec(notifyUsersAboutShell, None, None)
[debug] > Exec(iflast shell, None, None)
[debug] > Exec(; set ideaPort in Global := 28591 ; idea-shell, None, None)
[debug] > Exec(set ideaPort in Global := 28591, None, None)
[info] Defining Global / ideaPort
[info] The new value will be used by Compile / compile, Test / compile
[debug] Defining 
[debug] 	Global / ideaPort
[debug] 
[debug] The new value will be used by 
[debug] 	Compile / compile
[debug] 	Test / compile
[info] Reapplying settings...
[info] set current project to CS6350Asg2 (in build file:/C:/Users/Srivastchavan/Desktop/CS6350Asg2/)
[debug] > Exec(idea-shell, None, None)
