[debug] > Exec({file:/C:/Users/Srivastchavan/Desktop/CS6350Asg2/}cs6350asg2/package, None, None)
[debug] Evaluating tasks: Compile / package
[debug] Running task... Cancel: Signal, check cycles: false, forcegc: true
[info] compiling 1 Scala source to C:\Users\Srivastchavan\Desktop\CS6350Asg2\target\scala-2.11\classes ...
[info] Non-compiled module 'compiler-bridge_2.11' for Scala 2.11.12. Compiling...
[info]   Compilation completed in 19.034s.
[error] C:\Users\Srivastchavan\Desktop\CS6350Asg2\src\main\scala\PageRank.scala:30:9: output is already defined as value output
[error]     val output = pagerank.sortBy(-_._2)
[error]         ^
[error] C:\Users\Srivastchavan\Desktop\CS6350Asg2\src\main\scala\PageRank.scala:23:20: type mismatch;
[error]  found   : String
[error]  required: Int
[error]     for (i <- 1 to iterations) {
[error]                    ^
[error] two errors found
[error] (Compile / compileIncremental) Compilation failed
[error] Total time: 23 s, completed Apr 10, 2021, 10:35:08 PM
[debug] > Exec(idea-shell, None, None)
[debug] > Exec(, None, None)
[debug] > Exec(idea-shell, None, None)
